[0m[[0m[0mdebug[0m] [0m[0m> Exec(test, None, None)[0m
[0m[[0m[0mdebug[0m] [0m[0mEvaluating tasks: Test / test[0m
[0m[[0m[0mdebug[0m] [0m[0mRunning task... Cancel: Signal, check cycles: false, forcegc: true[0m
[0m[[0m[0minfo[0m] [0m[0mcompiling 2 Scala sources to /Users/markermakov/Desktop/FirstDataTask/target/scala-2.13/classes ...[0m
[0m[[0m[33mwarn[0m] [0m[0m2 deprecations (since 2.13.3); re-run with -deprecation for details[0m
[0m[[0m[33mwarn[0m] [0m[0mone warning found[0m
[0m[[0m[0minfo[0m] [0m[0mdone compiling[0m
[0m[[0m[0minfo[0m] [0m[0m[32mAppTest:[0m[0m
[0m[[0m[0minfo[0m] [0m[0m[32mApplication[0m[0m
[0m[[0m[0minfo[0m] [0m[0m[32m- should check doubling orders for sellers[0m[0m
[0m[[0m[0minfo[0m] [0m[0m[32mApplication[0m[0m
[0m[[0m[0minfo[0m] [0m[0m[32m- should check doubling orders for buyers[0m[0m
[0m[[0m[0minfo[0m] [0m[0m[32mApplication[0m[0m
[0m[[0m[0minfo[0m] [0m[0m[32m- should calculate orders file with no agreements correctly[0m[0m
[0m[[0m[0minfo[0m] [0m[0m[32mApplication[0m[0m
[0m[[0m[0minfo[0m] [0m[0m[32m- should calculate regular 10 rows of orders correctly[0m[0m
[0m[[0m[0minfo[0m] [0m[0m[36mRun completed in 307 milliseconds.[0m[0m
[0m[[0m[0minfo[0m] [0m[0m[36mTotal number of tests run: 4[0m[0m
[0m[[0m[0minfo[0m] [0m[0m[36mSuites: completed 1, aborted 0[0m[0m
[0m[[0m[0minfo[0m] [0m[0m[36mTests: succeeded 4, failed 0, canceled 0, ignored 0, pending 0[0m[0m
[0m[[0m[0minfo[0m] [0m[0m[32mAll tests passed.[0m[0m
[0m[[0m[0mdebug[0m] [0m[0mForcing garbage collection...[0m
[0m[[0m[32msuccess[0m] [0m[0mTotal time: 6 s, completed 04.11.2024 17:01:59[0m
[0m[[0m[0mdebug[0m] [0m[0m> Exec(idea-shell, None, None)[0m
